<?xml version="1.0" encoding="UTF-8"?>
<!-- Generated by org.testng.reporters.JUnitReportReporter -->
<testsuite skipped="0" hostname="pinaki-PC" name="com.org.learningMaven.HelloWorldTest" tests="2" failures="0" timestamp="04 Jun 2018 07:39:46 GMT" time="8.368" errors="0">
  <testcase name="loadSuggestions" time="0.268" classname="com.org.learningMaven.HelloWorldTest"/>
  <testcase name="OpenUrl" time="8.100" classname="com.org.learningMaven.HelloWorldTest"/>
</testsuite> <!-- com.org.learningMaven.HelloWorldTest -->
