<?xml version="1.0" encoding="UTF-8"?>
<!-- Generated by org.testng.reporters.JUnitReportReporter -->
<testsuite skipped="0" hostname="pinaki-PC" name="com.org.learningMaven.HelloWorldTest" tests="1" failures="0" timestamp="04 Jun 2018 07:34:56 GMT" time="9.056" errors="0">
  <testcase name="OpenUrl" time="9.056" classname="com.org.learningMaven.HelloWorldTest"/>
</testsuite> <!-- com.org.learningMaven.HelloWorldTest -->
